e:\users\jacob\desktop\agp-projects\agp-project3\project3\x64\debug\vc142.pdb
e:\users\jacob\desktop\agp-projects\agp-project3\project3\x64\debug\vc142.idb
e:\users\jacob\desktop\agp-projects\agp-project3\project3\x64\debug\gametimer.obj
e:\users\jacob\desktop\agp-projects\agp-project3\project3\x64\debug\frameresource.obj
e:\users\jacob\desktop\agp-projects\agp-project3\project3\x64\debug\application.obj
e:\users\jacob\desktop\agp-projects\agp-project3\project3\x64\debug\mathhelper.obj
e:\users\jacob\desktop\agp-projects\agp-project3\project3\x64\debug\geometrygenerator.obj
e:\users\jacob\desktop\agp-projects\agp-project3\project3\x64\debug\ddstextureloader.obj
e:\users\jacob\desktop\agp-projects\agp-project3\project3\x64\debug\d3dutil.obj
e:\users\jacob\desktop\agp-projects\agp-project3\project3\x64\debug\d3dapp.obj
e:\users\jacob\desktop\agp-projects\agp-project3\project3\x64\debug\camera.obj
e:\users\jacob\desktop\agp-projects\agp-project3\project3\x64\debug\project3.pdb
e:\users\jacob\desktop\agp-projects\agp-project3\project3\x64\debug\project3.tlog\cl.command.1.tlog
e:\users\jacob\desktop\agp-projects\agp-project3\project3\x64\debug\project3.tlog\cl.read.1.tlog
e:\users\jacob\desktop\agp-projects\agp-project3\project3\x64\debug\project3.tlog\cl.write.1.tlog
e:\users\jacob\desktop\agp-projects\agp-project3\project3\x64\debug\project3.tlog\link-cvtres.read.1.tlog
e:\users\jacob\desktop\agp-projects\agp-project3\project3\x64\debug\project3.tlog\link-cvtres.write.1.tlog
e:\users\jacob\desktop\agp-projects\agp-project3\project3\x64\debug\project3.tlog\link-rc.read.1.tlog
e:\users\jacob\desktop\agp-projects\agp-project3\project3\x64\debug\project3.tlog\link-rc.write.1.tlog
e:\users\jacob\desktop\agp-projects\agp-project3\project3\x64\debug\project3.tlog\link.command.1.tlog
e:\users\jacob\desktop\agp-projects\agp-project3\project3\x64\debug\project3.tlog\link.read.1.tlog
e:\users\jacob\desktop\agp-projects\agp-project3\project3\x64\debug\project3.tlog\link.write.1.tlog
